<?xml version="1.0" encoding="UTF-8"?>
<testsuite name="PostmanEchoTest" tests="1" skipped="0" failures="0" errors="0" timestamp="2023-05-08T15:28:35" hostname="LAPTOP-0K4F99R2" time="3.774">
  <properties/>
  <testcase name="shouldPostmanEcho()" classname="PostmanEchoTest" time="3.774"/>
  <system-out><![CDATA[]]></system-out>
  <system-err><![CDATA[]]></system-err>
</testsuite>
